<?xml version="1.0" encoding="UTF-8"?>
<!-- Generated by org.testng.reporters.JUnitReportReporter -->
<testsuite hostname="shapan-HP" name="automationFramework.POM_TC" tests="1" failures="0" timestamp="5 May 2018 00:39:01 GMT" time="17.450" errors="0">
  <testcase name="run" time="17.450" classname="automationFramework.POM_TC"/>
</testsuite> <!-- automationFramework.POM_TC -->
