<?xml version="1.0" encoding="UTF-8"?>
<!-- Generated by org.testng.reporters.JUnitReportReporter -->
<testsuite hostname="shapan-HP" name="automationFramework.Module_TC" tests="1" failures="0" timestamp="5 May 2018 00:37:17 GMT" time="5.360" errors="0">
  <testcase name="run" time="5.360" classname="automationFramework.Module_TC"/>
</testsuite> <!-- automationFramework.Module_TC -->
