<?xml version="1.0" encoding="UTF-8"?>
<!-- Generated by org.testng.reporters.JUnitReportReporter -->
<testsuite hostname="shapan-HP" name="com.monster.jobsearch.monsterjobsearch" tests="1" failures="0" timestamp="25 May 2018 06:42:41 GMT" time="14.958" errors="0">
  <testcase name="f" time="14.958" classname="com.monster.jobsearch.monsterjobsearch"/>
</testsuite> <!-- com.monster.jobsearch.monsterjobsearch -->
