<?xml version="1.0" encoding="UTF-8"?>
<!-- Generated by org.testng.reporters.JUnitReportReporter -->
<testsuite hostname="shapan-HP" name="com.javacodegeeks.testng.maven.TestNGWebDriver" tests="1" failures="0" timestamp="25 May 2018 06:14:18 GMT" time="15.806" errors="0">
  <testcase name="VerifyHomePageTitle" time="15.806" classname="com.javacodegeeks.testng.maven.TestNGWebDriver"/>
</testsuite> <!-- com.javacodegeeks.testng.maven.TestNGWebDriver -->
